Sun Apr 20 10:12:22 UTC 2025
Sun Apr 20 10:12:47 UTC 2025
Sun Apr 20 13:14:14 UTC 2025
Mon Apr 21 13:17:38 UTC 2025
Tue Apr 22 13:35:07 UTC 2025
Wed Apr 23 13:36:12 UTC 2025
Thu Apr 24 13:36:44 UTC 2025
Fri Apr 25 13:33:39 UTC 2025
Sat Apr 26 13:04:10 UTC 2025
Sun Apr 27 13:04:46 UTC 2025
Mon Apr 28 13:50:21 UTC 2025
Tue Apr 29 13:44:28 UTC 2025
Wed Apr 30 13:35:14 UTC 2025
Thu May  1 13:17:57 UTC 2025
Fri May  2 13:34:08 UTC 2025
Sat May  3 13:13:13 UTC 2025
Sun May  4 13:14:17 UTC 2025
Mon May  5 13:36:16 UTC 2025
Tue May  6 13:41:04 UTC 2025
Wed May  7 13:43:08 UTC 2025
